<?xml version="1.0" encoding="UTF-8"?>
<testsuite xmlns:xsi="http://www.w3.org/2001/XMLSchema-instance" xsi:noNamespaceSchemaLocation="https://maven.apache.org/surefire/maven-surefire-plugin/xsd/surefire-test-report-3.0.xsd" version="3.0" name="com.examly.springapp.SpringappApplicationTests" time="4.384" tests="65" errors="0" skipped="0" failures="0">
  <properties>
[...]
</properties>
  <testcase name="Day3_test_Controller_Directory_Exists" classname="com.examly.springapp.SpringappApplicationTests" time="0.347">
    <system-out><![CDATA[10:15:34.718 [main] INFO org.springframework.test.context.support.AnnotationConfigContextLoaderUtils -- Could not detect default configuration classes for test class [com.examly.springapp.SpringappApplicationTests]: SpringappApplicationTests does not declare any static, non-private, non-final, nested classes annotated with @Configuration.
10:15:34.806 [main] INFO org.springframework.boot.test.context.SpringBootTestContextBootstrapper -- Found @SpringBootConfiguration com.examly.springapp.SpringappApplication for test class com.examly.springapp.SpringappApplicationTests
10:15:34.914 [main] INFO org.springframework.boot.devtools.restart.RestartApplicationListener -- Restart disabled due to context in which it is running

  .   ____          _            __ _ _
 /\\ / ___'_ __ _ _(_)_ __  __ _ \ \ \ \
( ( )\___ | '_ | '_| | '_ \/ _` | \ \ \ \
 \\/  ___)| |_)| | | | | || (_| |  ) ) ) )
  '  |____| .__|_| |_|_| |_\__, | / / / /
 =========|_|==============|___/=/_/_/_/

 :: Spring Boot ::               (v3.4.12)

2025-12-26T10:15:35.116Z  INFO 27545 --- [           main] c.e.springapp.SpringappApplicationTests  : Starting SpringappApplicationTests using Java 17.0.17 with PID 27545 (started by coder in /home/coder/project/workspace/springapp)
2025-12-26T10:15:35.118Z  INFO 27545 --- [           main] c.e.springapp.SpringappApplicationTests  : No active profile set, falling back to 1 default profile: "default"
2025-12-26T10:15:35.657Z  INFO 27545 --- [           main] .s.d.r.c.RepositoryConfigurationDelegate : Bootstrapping Spring Data JPA repositories in DEFAULT mode.
2025-12-26T10:15:35.700Z  INFO 27545 --- [           main] .s.d.r.c.RepositoryConfigurationDelegate : Finished Spring Data repository scanning in 36 ms. Found 5 JPA repository interfaces.
2025-12-26T10:15:35.932Z  INFO 27545 --- [           main] o.hibernate.jpa.internal.util.LogHelper  : HHH000204: Processing PersistenceUnitInfo [name: default]
2025-12-26T10:15:35.962Z  INFO 27545 --- [           main] org.hibernate.Version                    : HHH000412: Hibernate ORM core version 6.6.36.Final
2025-12-26T10:15:35.983Z  INFO 27545 --- [           main] o.h.c.internal.RegionFactoryInitiator    : HHH000026: Second-level cache disabled
2025-12-26T10:15:36.159Z  INFO 27545 --- [           main] o.s.o.j.p.SpringPersistenceUnitInfo      : No LoadTimeWeaver setup: ignoring JPA class transformer
2025-12-26T10:15:36.178Z  INFO 27545 --- [           main] com.zaxxer.hikari.HikariDataSource       : HikariPool-1 - Starting...
2025-12-26T10:15:36.348Z  INFO 27545 --- [           main] com.zaxxer.hikari.pool.HikariPool        : HikariPool-1 - Added connection com.mysql.cj.jdbc.ConnectionImpl@6eeb29c0
2025-12-26T10:15:36.349Z  INFO 27545 --- [           main] com.zaxxer.hikari.HikariDataSource       : HikariPool-1 - Start completed.
2025-12-26T10:15:36.364Z  WARN 27545 --- [           main] org.hibernate.orm.deprecation            : HHH90000025: MySQL8Dialect does not need to be specified explicitly using 'hibernate.dialect' (remove the property setting and it will be selected by default)
2025-12-26T10:15:36.364Z  WARN 27545 --- [           main] org.hibernate.orm.deprecation            : HHH90000026: MySQL8Dialect has been deprecated; use org.hibernate.dialect.MySQLDialect instead
2025-12-26T10:15:36.378Z  INFO 27545 --- [           main] org.hibernate.orm.connections.pooling    : HHH10001005: Database info:
	Database JDBC URL [Connecting through datasource 'HikariDataSource (HikariPool-1)']
	Database driver: undefined/unknown
	Database version: 8.0
	Autocommit mode: undefined/unknown
	Isolation level: undefined/unknown
	Minimum pool size: undefined/unknown
	Maximum pool size: undefined/unknown
2025-12-26T10:15:36.943Z  INFO 27545 --- [           main] o.h.e.t.j.p.i.JtaPlatformInitiator       : HHH000489: No JTA platform available (set 'hibernate.transaction.jta.platform' to enable JTA platform integration)
Hibernate: alter table payment drop foreign key FKs6dho9f1xrvi5faio6ggvkd28
Hibernate: drop table if exists attendance
Hibernate: drop table if exists member
Hibernate: drop table if exists membership
Hibernate: drop table if exists membership_type
Hibernate: drop table if exists payment
Hibernate: create table attendance (attendance_id bigint not null auto_increment, member_id bigint not null, check_in_time varchar(255), checkout_time varchar(255), date varchar(255), primary key (attendance_id)) engine=InnoDB
Hibernate: create table member (member_id bigint not null auto_increment, email varchar(255), name varchar(255), primary key (member_id)) engine=InnoDB
Hibernate: create table membership (duration integer, price float(53) not null, plan_id bigint not null auto_increment, plan_name varchar(255), primary key (plan_id)) engine=InnoDB
Hibernate: create table membership_type (duration_in_months integer not null, price float(53) not null, type_id bigint not null auto_increment, type_name varchar(255), primary key (type_id)) engine=InnoDB
Hibernate: create table payment (amount float(53) not null, date date, payment_id bigint not null auto_increment, subscription_attendance_id bigint, primary key (payment_id)) engine=InnoDB
Hibernate: alter table payment add constraint FKs6dho9f1xrvi5faio6ggvkd28 foreign key (subscription_attendance_id) references attendance (attendance_id)
2025-12-26T10:15:37.137Z  INFO 27545 --- [           main] j.LocalContainerEntityManagerFactoryBean : Initialized JPA EntityManagerFactory for persistence unit 'default'
2025-12-26T10:15:37.329Z  INFO 27545 --- [           main] o.s.d.j.r.query.QueryEnhancerFactory     : Hibernate is in classpath; If applicable, HQL parser will be used.
2025-12-26T10:15:37.717Z  WARN 27545 --- [           main] JpaBaseConfiguration$JpaWebConfiguration : spring.jpa.open-in-view is enabled by default. Therefore, database queries may be performed during view rendering. Explicitly configure spring.jpa.open-in-view to disable this warning
2025-12-26T10:15:37.989Z  INFO 27545 --- [           main] o.s.b.t.m.w.SpringBootMockServletContext : Initializing Spring TestDispatcherServlet ''
2025-12-26T10:15:37.990Z  INFO 27545 --- [           main] o.s.t.web.servlet.TestDispatcherServlet  : Initializing Servlet ''
2025-12-26T10:15:37.991Z  INFO 27545 --- [           main] o.s.t.web.servlet.TestDispatcherServlet  : Completed initialization in 0 ms
2025-12-26T10:15:38.011Z  INFO 27545 --- [           main] c.e.springapp.SpringappApplicationTests  : Started SpringappApplicationTests in 3.105 seconds (process running for 3.792)
]]></system-out>
  </testcase>
  <testcase name="Day3_test_Model_Directory_Exists" classname="com.examly.springapp.SpringappApplicationTests" time="0.004"/>
  <testcase name="Day3_test_Service_Directory_Exists" classname="com.examly.springapp.SpringappApplicationTests" time="0.004"/>
  <testcase name="Day3_test_Repository_Directory_Exists" classname="com.examly.springapp.SpringappApplicationTests" time="0.004"/>
  <testcase name="Day4_test_AttendanceModel_File_Exists" classname="com.examly.springapp.SpringappApplicationTests" time="0.004"/>
  <testcase name="Day4_test_MemberModel_File_Exists" classname="com.examly.springapp.SpringappApplicationTests" time="0.003"/>
  <testcase name="Day4_test_MembershipModel_File_Exists" classname="com.examly.springapp.SpringappApplicationTests" time="0.003"/>
  <testcase name="Day4_test_MembershipType_File_Exists" classname="com.examly.springapp.SpringappApplicationTests" time="0.003"/>
  <testcase name="Day4_test_Payment_File_Exists" classname="com.examly.springapp.SpringappApplicationTests" time="0.003"/>
  <testcase name="Day4_test_Payment_Has_Entity_Annotation" classname="com.examly.springapp.SpringappApplicationTests" time="0.002"/>
  <testcase name="Day4_test_Payment_Has_Id_Annotation_On_Field" classname="com.examly.springapp.SpringappApplicationTests" time="0.002"/>
  <testcase name="Day5_testAttendanceRepository_File_Exists" classname="com.examly.springapp.SpringappApplicationTests" time="0.003"/>
  <testcase name="Day5_testMemberRepository_File_Exists" classname="com.examly.springapp.SpringappApplicationTests" time="0.003"/>
  <testcase name="Day5_testMembershipRepository_File_Exists" classname="com.examly.springapp.SpringappApplicationTests" time="0.003"/>
  <testcase name="Day5_testMembershipTypeRepository_File_Exists" classname="com.examly.springapp.SpringappApplicationTests" time="0.003"/>
  <testcase name="Day5_testPaymentRepository_File_Exists" classname="com.examly.springapp.SpringappApplicationTests" time="0.003"/>
  <testcase name="Day5_test_PaymentRepository_Has_Repository_Annotation" classname="com.examly.springapp.SpringappApplicationTests" time="0.002"/>
  <testcase name="Day5_test_MemberRepository_Has_Repository_Annotation" classname="com.examly.springapp.SpringappApplicationTests" time="0.002"/>
  <testcase name="Day6_test_AttendanceController_File_Exists" classname="com.examly.springapp.SpringappApplicationTests" time="0.003"/>
  <testcase name="Day6_test_MemberController_File_Exists" classname="com.examly.springapp.SpringappApplicationTests" time="0.003"/>
  <testcase name="Day6_test_MembershipController_File_Exists" classname="com.examly.springapp.SpringappApplicationTests" time="0.003"/>
  <testcase name="Day6_test_MembershipTypeController_File_Exists" classname="com.examly.springapp.SpringappApplicationTests" time="0.003"/>
  <testcase name="Day6_test_PaymentController_File_Exists" classname="com.examly.springapp.SpringappApplicationTests" time="0.003"/>
  <testcase name="Day6_test_PaymentController_Has_RestController_Annotation" classname="com.examly.springapp.SpringappApplicationTests" time="0.003"/>
  <testcase name="Day6_test_MemberController_Has_RestController_Annotation" classname="com.examly.springapp.SpringappApplicationTests" time="0.003"/>
  <testcase name="Day7_test_AttendanceController_Has_RequestMapping" classname="com.examly.springapp.SpringappApplicationTests" time="0.003"/>
  <testcase name="Day7_test_AttendanceController_Has_PathVariable" classname="com.examly.springapp.SpringappApplicationTests" time="0.004"/>
  <testcase name="Day7_test_MemberController_Has_RequestMapping" classname="com.examly.springapp.SpringappApplicationTests" time="0.003"/>
  <testcase name="Day7_test_MembershipController_Has_RequestMapping" classname="com.examly.springapp.SpringappApplicationTests" time="0.003"/>
  <testcase name="Day7_test_MembershipController_Has_PathVariable" classname="com.examly.springapp.SpringappApplicationTests" time="0.003"/>
  <testcase name="Day7_test_MembershipTypeController_Has_PathVariable" classname="com.examly.springapp.SpringappApplicationTests" time="0.004"/>
  <testcase name="Day7_test_Payment_Has_RequestMapping" classname="com.examly.springapp.SpringappApplicationTests" time="0.003"/>
  <testcase name="Day8_test_AttendanceService_File_Exists" classname="com.examly.springapp.SpringappApplicationTests" time="0.003"/>
  <testcase name="Day8_test_MemberService_File_Exists" classname="com.examly.springapp.SpringappApplicationTests" time="0.002"/>
  <testcase name="Day8_test_MembershipService_File_Exists" classname="com.examly.springapp.SpringappApplicationTests" time="0.002"/>
  <testcase name="Day8_test_MembershipTypeService_File_Exists" classname="com.examly.springapp.SpringappApplicationTests" time="0.003"/>
  <testcase name="Day8_test_PaymentService_File_Exists" classname="com.examly.springapp.SpringappApplicationTests" time="0.002"/>
  <testcase name="Day8_test_PaymentServiceImpl_File_Exists" classname="com.examly.springapp.SpringappApplicationTests" time="0.002"/>
  <testcase name="Day8_test_MemberServiceImpl_File_Exists" classname="com.examly.springapp.SpringappApplicationTests" time="0.003"/>
  <testcase name="Day9_testPagination_ReturnsArray" classname="com.examly.springapp.SpringappApplicationTests" time="0.181">
    <system-out><![CDATA[Hibernate: select m1_0.member_id,m1_0.email,m1_0.name from member m1_0 limit ?,?
]]></system-out>
  </testcase>
  <testcase name="Day9_testPagination_NotEmptyOrEmptyAllowed" classname="com.examly.springapp.SpringappApplicationTests" time="0.009">
    <system-out><![CDATA[Hibernate: select m1_0.member_id,m1_0.email,m1_0.name from member m1_0 limit ?,?
]]></system-out>
  </testcase>
  <testcase name="Day9_testPagination_ArrayReturned" classname="com.examly.springapp.SpringappApplicationTests" time="0.009">
    <system-out><![CDATA[Hibernate: select m1_0.member_id,m1_0.email,m1_0.name from member m1_0 limit ?,?
]]></system-out>
  </testcase>
  <testcase name="Day9_testPagination_MaxSizeCheck" classname="com.examly.springapp.SpringappApplicationTests" time="0.01">
    <system-out><![CDATA[Hibernate: select m1_0.member_id,m1_0.email,m1_0.name from member m1_0 limit ?,?
]]></system-out>
  </testcase>
  <testcase name="Day9_testPagination_AlwaysArray" classname="com.examly.springapp.SpringappApplicationTests" time="0.011">
    <system-out><![CDATA[Hibernate: select m1_0.member_id,m1_0.email,m1_0.name from member m1_0 limit ?,?
Hibernate: select count(m1_0.member_id) from member m1_0
]]></system-out>
  </testcase>
  <testcase name="Day10_testCreateMember_Positive" classname="com.examly.springapp.SpringappApplicationTests" time="0.061">
    <system-out><![CDATA[Hibernate: insert into member (email,name) values (?,?)
]]></system-out>
  </testcase>
  <testcase name="Day10_testGetMemberById_Positive" classname="com.examly.springapp.SpringappApplicationTests" time="0.016">
    <system-out><![CDATA[Hibernate: select m1_0.member_id,m1_0.email,m1_0.name from member m1_0 where m1_0.member_id=?
]]></system-out>
  </testcase>
  <testcase name="Day10_testUpdateMember_Positive" classname="com.examly.springapp.SpringappApplicationTests" time="0.018">
    <system-out><![CDATA[Hibernate: select m1_0.member_id,m1_0.email,m1_0.name from member m1_0 where m1_0.member_id=?
Hibernate: update member set email=?,name=? where member_id=?
]]></system-out>
  </testcase>
  <testcase name="testCreateMembershipType_Positive" classname="com.examly.springapp.SpringappApplicationTests" time="0.015">
    <system-out><![CDATA[Hibernate: insert into membership_type (duration_in_months,price,type_name) values (?,?,?)
]]></system-out>
  </testcase>
  <testcase name="testUpdateMembershipType_Positive" classname="com.examly.springapp.SpringappApplicationTests" time="0.012">
    <system-out><![CDATA[Hibernate: select mt1_0.type_id,mt1_0.duration_in_months,mt1_0.price,mt1_0.type_name from membership_type mt1_0 where mt1_0.type_id=?
Hibernate: update membership_type set duration_in_months=?,price=?,type_name=? where type_id=?
]]></system-out>
  </testcase>
  <testcase name="testGetAllMembershipTypes_Positive" classname="com.examly.springapp.SpringappApplicationTests" time="0.01">
    <system-out><![CDATA[Hibernate: select mt1_0.type_id,mt1_0.duration_in_months,mt1_0.price,mt1_0.type_name from membership_type mt1_0
]]></system-out>
  </testcase>
  <testcase name="testGetMembershipTypeById_Positive" classname="com.examly.springapp.SpringappApplicationTests" time="0.008">
    <system-out><![CDATA[Hibernate: select mt1_0.type_id,mt1_0.duration_in_months,mt1_0.price,mt1_0.type_name from membership_type mt1_0 where mt1_0.type_id=?
]]></system-out>
  </testcase>
  <testcase name="testGetMembershipTypesByName" classname="com.examly.springapp.SpringappApplicationTests" time="0.026">
    <system-out><![CDATA[Hibernate: insert into membership_type (duration_in_months,price,type_name) values (?,?,?)
Hibernate: select mt1_0.type_id,mt1_0.duration_in_months,mt1_0.price,mt1_0.type_name from membership_type mt1_0 where mt1_0.type_name=?
]]></system-out>
  </testcase>
  <testcase name="testGetMembershipTypesByPriceRange" classname="com.examly.springapp.SpringappApplicationTests" time="0.01">
    <system-out><![CDATA[Hibernate: select mt1_0.type_id,mt1_0.duration_in_months,mt1_0.price,mt1_0.type_name from membership_type mt1_0 where mt1_0.price between ? and ?
]]></system-out>
  </testcase>
  <testcase name="testGetMembershipTypesByDurationGreaterThan" classname="com.examly.springapp.SpringappApplicationTests" time="0.006">
    <system-out><![CDATA[Hibernate: select mt1_0.type_id,mt1_0.duration_in_months,mt1_0.price,mt1_0.type_name from membership_type mt1_0 where mt1_0.duration_in_months>?
]]></system-out>
  </testcase>
  <testcase name="testGetMembershipTypesByPriceLessThan" classname="com.examly.springapp.SpringappApplicationTests" time="0.012">
    <system-out><![CDATA[Hibernate: insert into membership_type (duration_in_months,price,type_name) values (?,?,?)
Hibernate: select mt1_0.type_id,mt1_0.duration_in_months,mt1_0.price,mt1_0.type_name from membership_type mt1_0 where mt1_0.price<?
]]></system-out>
  </testcase>
  <testcase name="Day12_testGetMembershipTypesByName" classname="com.examly.springapp.SpringappApplicationTests" time="0.01">
    <system-out><![CDATA[Hibernate: insert into membership_type (duration_in_months,price,type_name) values (?,?,?)
Hibernate: select mt1_0.type_id,mt1_0.duration_in_months,mt1_0.price,mt1_0.type_name from membership_type mt1_0 where mt1_0.type_name=?
]]></system-out>
  </testcase>
  <testcase name="Day12_testGetMembershipTypesByName_NotFound" classname="com.examly.springapp.SpringappApplicationTests" time="0.006">
    <system-out><![CDATA[Hibernate: select mt1_0.type_id,mt1_0.duration_in_months,mt1_0.price,mt1_0.type_name from membership_type mt1_0 where mt1_0.type_name=?
]]></system-out>
  </testcase>
  <testcase name="Day12_testGetMembershipTypesByPriceRange" classname="com.examly.springapp.SpringappApplicationTests" time="0.011">
    <system-out><![CDATA[Hibernate: insert into membership_type (duration_in_months,price,type_name) values (?,?,?)
Hibernate: select mt1_0.type_id,mt1_0.duration_in_months,mt1_0.price,mt1_0.type_name from membership_type mt1_0 where mt1_0.price between ? and ?
]]></system-out>
  </testcase>
  <testcase name="Day12_testGetMembershipTypesByPriceLessThan_NotFound" classname="com.examly.springapp.SpringappApplicationTests" time="0.006">
    <system-out><![CDATA[Hibernate: select mt1_0.type_id,mt1_0.duration_in_months,mt1_0.price,mt1_0.type_name from membership_type mt1_0 where mt1_0.price<?
]]></system-out>
  </testcase>
  <testcase name="Day12_testGetMembershipTypesByDurationGreaterThan_NotFound" classname="com.examly.springapp.SpringappApplicationTests" time="0.004">
    <system-out><![CDATA[Hibernate: select mt1_0.type_id,mt1_0.duration_in_months,mt1_0.price,mt1_0.type_name from membership_type mt1_0 where mt1_0.duration_in_months>?
]]></system-out>
  </testcase>
  <testcase name="Day12_testGetMembershipTypesByPriceLessThan" classname="com.examly.springapp.SpringappApplicationTests" time="0.01">
    <system-out><![CDATA[Hibernate: insert into membership_type (duration_in_months,price,type_name) values (?,?,?)
Hibernate: select mt1_0.type_id,mt1_0.duration_in_months,mt1_0.price,mt1_0.type_name from membership_type mt1_0 where mt1_0.price<?
]]></system-out>
  </testcase>
  <testcase name="Day13_test_execption_Directory_Exists" classname="com.examly.springapp.SpringappApplicationTests" time="0.002"/>
  <testcase name="Day13_test_GloabalEception_File_Exists" classname="com.examly.springapp.SpringappApplicationTests" time="0.002"/>
  <testcase name="Day14test_configuartion_Directory_Exists" classname="com.examly.springapp.SpringappApplicationTests" time="0.002"/>
  <testcase name="Day15_testAOPLogFileExists" classname="com.examly.springapp.SpringappApplicationTests" time="0.002"/>
</testsuite>